At 2016/02/26 - 17:06:08: Debug called from Controller::_view() in /home/gabriel/Projects/oxyphp/engine/class.controller.php on line 36.

At 2016/02/26 - 17:06:26: Debug called from Controller::_view() in /home/gabriel/Projects/oxyphp/engine/class.controller.php on line 36.

At 2016/02/26 - 17:27:25: Debug called from Controller::_view() in /home/gabriel/Projects/oxyphp/engine/class.controller.php on line 36.

At 2016/02/26 - 19:31:21: Debug called from System::execute() in /home/gabriel/Projects/oxyphp/engine/class.system.php on line 88.

At 2016/02/26 - 19:32:33: Debug called from System::execute() in /home/gabriel/Projects/oxyphp/engine/class.system.php on line 88.

At 2016/02/26 - 19:33:47: Debug called from System::execute() in /home/gabriel/Projects/oxyphp/engine/class.system.php on line 88.

At 2016/02/26 - 19:34:20: Debug called from System::execute() in /home/gabriel/Projects/oxyphp/engine/class.system.php on line 88.

At 2016/02/27 - 15:38:42: Debug called from ObjLoader::load() in /home/gabriel/Projects/oxyphp/engine/class.objloader.php on line 23.

At 2016/02/27 - 15:38:43: Debug called from ObjLoader::load() in /home/gabriel/Projects/oxyphp/engine/class.objloader.php on line 23.

At 2016/02/27 - 15:38:43: Debug called from ObjLoader::load() in /home/gabriel/Projects/oxyphp/engine/class.objloader.php on line 23.

At 2016/02/27 - 15:38:43: Debug called from ObjLoader::load() in /home/gabriel/Projects/oxyphp/engine/class.objloader.php on line 23.

At 2016/02/27 - 15:39:31: Debug called from ObjLoader::load() in /home/gabriel/Projects/oxyphp/engine/class.objloader.php on line 23.

At 2016/02/29 - 16:25:26: Debug called from ObjLoader::load() in /home/gabriel/Projects/oxyphp/engine/class.objloader.php on line 23.

At 2016/02/29 - 16:28:25: Debug called from Oxymysqli::query() in /home/gabriel/Projects/oxyphp/engine/databaseclasses/class.mysqli.php on line 121.

At 2016/02/29 - 16:35:26: Debug called from Oxymysqli::query() in /home/gabriel/Projects/oxyphp/engine/databaseclasses/class.mysqli.php on line 121.

At 2016/03/03 - 23:55:45: Debug called from Oxymysqli::query() in /home/gabriel/Projects/oxyphp/engine/databaseclasses/class.mysqli.php on line 122.

At 2016/03/04 - 00:12:29: Debug called from ObjLoader::load() in /home/gabriel/Projects/oxyphp/engine/class.objloader.php on line 23.

At 2016/03/09 - 21:30:30: Debug called from ObjLoader::load() in /home/gabriel/Projects/oxyphp/engine/class.objloader.php on line 23.

At 2016/03/09 - 21:32:05: Debug called from Mvcgenerator::__construct() in /home/gabriel/Projects/oxyphp/engine/mvcgenerator/class.mvcgenerator.php on line 19.

At 2016/03/09 - 21:33:06: Debug called from Mvcgenerator::__construct() in /home/gabriel/Projects/oxyphp/engine/mvcgenerator/class.mvcgenerator.php on line 19.

At 2016/03/09 - 22:10:41: Debug called from Mvcgenerator::__construct() in /home/gabriel/Projects/oxyphp/engine/mvcgenerator/class.mvcgenerator.php on line 19.

At 2016/03/09 - 22:12:00: Debug called from Mvcgenerator::__construct() in /home/gabriel/Projects/oxyphp/engine/mvcgenerator/class.mvcgenerator.php on line 19.

At 2016/03/09 - 22:12:56: Debug called from Mvcgenerator::__construct() in /home/gabriel/Projects/oxyphp/engine/mvcgenerator/class.mvcgenerator.php on line 19.

At 2016/03/09 - 22:13:34: Debug called from Mvcgenerator::__construct() in /home/gabriel/Projects/oxyphp/engine/mvcgenerator/class.mvcgenerator.php on line 19.

At 2016/03/09 - 22:14:27: Debug called from Mvcgenerator::__construct() in /home/gabriel/Projects/oxyphp/engine/mvcgenerator/class.mvcgenerator.php on line 19.

